<?xml version="1.0" encoding="UTF-8"?>
<testsuite name="Spek" tests="7" skipped="0" failures="0" errors="0" time="0.023" hostname="ECS-Mac-August.local" timestamp="2017-07-07T16:22:39">
<properties>
[...]
</properties>
<testcase name="it should decode a similar sequence of rows of FP values" classname="on encoding a stream of rows of FP values" time="0.006">
<system-out><![CDATA[
unique-id: [engine:spek]/[spec:com.tritandb.engine.CompressorFpcTest]/[group:describe Test to compress a series of FP values]/[group:on encoding a stream of rows of FP values]/[test:it should decode a similar sequence of rows of FP values]
display-name: it should decode a similar sequence of rows of FP values
]]></system-out>
</testcase>
<testcase name="it should decode a similar sequence of rows of FP values" classname="on encoding a stream of rows of FP values" time="0.001">
<system-out><![CDATA[
unique-id: [engine:spek]/[spec:com.tritandb.engine.CompressorFpDeltaDeltaTest]/[group:describe Test to compress a series of FP values with delta detla]/[group:on encoding a stream of rows of FP values]/[test:it should decode a similar sequence of rows of FP values]
display-name: it should decode a similar sequence of rows of FP values
]]></system-out>
</testcase>
<testcase name="it should decode a similar sequence of rows of FP values" classname="on encoding a stream of rows of FP values" time="0.001">
<system-out><![CDATA[
unique-id: [engine:spek]/[spec:com.tritandb.engine.CompressorFpDeltaDeltaTest]/[group:describe Test to compress a complrex series of FP values with delta delta]/[group:on encoding a stream of rows of FP values]/[test:it should decode a similar sequence of rows of FP values]
display-name: it should decode a similar sequence of rows of FP values
]]></system-out>
</testcase>
<testcase name="it should decode the same sequence of rows of timestamps and values" classname="on encoding these rows of timestamps and values" time="0">
<system-out><![CDATA[
unique-id: [engine:spek]/[spec:com.tritandb.engine.CompressorMainTest]/[group:describe Test compressing a series of values and timestamps]/[group:on encoding these rows of timestamps and values]/[test:it should decode the same sequence of rows of timestamps and values]
display-name: it should decode the same sequence of rows of timestamps and values
]]></system-out>
</testcase>
<testcase name="it should decode the same sequence of timestamps" classname="on encoding a sequence of timestamps with varying deltas" time="0">
<system-out><![CDATA[
unique-id: [engine:spek]/[spec:com.tritandb.engine.CompressorTsTest]/[group:describe Test Delta_RLE_LEB128 timestamp encoding]/[group:on encoding a sequence of timestamps with varying deltas]/[test:it should decode the same sequence of timestamps]
display-name: it should decode the same sequence of timestamps
]]></system-out>
</testcase>
<testcase name="it should decode the same sequence of timestamps" classname="on encoding a sequence of timestamps with varying deltas" time="0">
<system-out><![CDATA[
unique-id: [engine:spek]/[spec:com.tritandb.engine.CompressorTsTest]/[group:describe Test Delta_RLE_RICE timestamp encoding]/[group:on encoding a sequence of timestamps with varying deltas]/[test:it should decode the same sequence of timestamps]
display-name: it should decode the same sequence of timestamps
]]></system-out>
</testcase>
<testcase name="it should return the same sequence of timestamps" classname="on encoding a sequence of timestamps with varying deltas" time="0">
<system-out><![CDATA[
unique-id: [engine:spek]/[spec:com.tritandb.engine.CompressorTsTest]/[group:describe Test Delta_RLE_RICE timestamp encoding with an actual IoT stream of timestamps from Shelburne]/[group:on encoding a sequence of timestamps with varying deltas]/[test:it should return the same sequence of timestamps]
display-name: it should return the same sequence of timestamps
]]></system-out>
</testcase>
<system-out><![CDATA[
unique-id: [engine:spek]
display-name: Spek
]]></system-out>
</testsuite>
